<?xml version="1.0" encoding="UTF-8"?>
<!-- Generated by org.testng.reporters.JUnitReportReporter -->
<testsuite hostname="DESKTOP-52VV27D" failures="0" tests="1" name="demos.Scripts.Testing" time="113.502" errors="0" timestamp="11 Jun 2018 11:56:56 GMT" skipped="0">
  <testcase classname="demos.Scripts.Testing" name="Scripting" time="113.502"/>
</testsuite> <!-- demos.Scripts.Testing -->
