<?xml version="1.0" encoding="UTF-8"?>
<!-- Generated by org.testng.reporters.JUnitReportReporter -->
<testsuite hostname="DESKTOP-52VV27D" failures="0" tests="1" name="demos.ObjectRepo.Testing" time="0.007" errors="0" timestamp="03 Jun 2018 07:15:52 GMT" skipped="0">
  <testcase classname="demos.ObjectRepo.Testing" name="Scripting" time="0.007"/>
</testsuite> <!-- demos.ObjectRepo.Testing -->
